********************************************************************************
DUPLICATOR-LITE PACKAGE-LOG: 25 de July de 2020 23:56
NOTICE: Do NOT post to public sites or forums 
********************************************************************************
VERSION:	1.3.36
WORDPRESS:	5.4.2
PHP INFO:	7.2.20 | SAPI: apache2handler
SERVER:		Apache/2.4.25 (Win32) OpenSSL/1.0.2j PHP/7.2.20 
PHP TIME LIMIT: (0) no time limit imposed 
PHP MAX MEMORY: 4294967296 (200M default) 
MEMORY STACK: 2MB

********************************************************************************
DATABASE:
********************************************************************************
BUILD MODE:   MYSQLDUMP
MYSQLTIMEOUT: 5000
MYSQLDUMP:    Is Supported
SQL CREATED: 20200725_marefsaargentinaindustriap_6f743b21b5e5e5701970_20200725235436_database.sql
SQL FILE SIZE: 709.85KB (726886)
SQL FILE TIME: 2020-07-25 23:56:23
SQL RUNTIME: 4.74 sec.

********************************************************************************
ARCHIVE (ZIP):
********************************************************************************
ARCHIVE DIR:  C:/xampp/htdocs/maref
ARCHIVE FILE: 20200725_marefsaargentinaindustriap_6f743b21b5e5e5701970_20200725235436_archive.zip
FILTERS: *OFF*
DIRS:
	not set
FILES:
	not set
EXTS:  not set
----------------------------------------
COMPRESSING
SIZE:	283.11MB
STATS:	Dirs 5,562 | Files 37,675
SQL ADDED: 20200725_marefsaargentinaindustriap_6f743b21b5e5e5701970_20200725235436_database.sql
ZipArchive Object
(
    [status] => 0
    [statusSys] => 0
    [numFiles] => 43237
    [filename] => C:\xampp\htdocs\maref\wp-content\backups-dup-lite\tmp\20200725_marefsaargentinaindustriap_6f743b21b5e5e5701970_20200725235436_archive.zip
    [comment] => 
)

FILE ADDED TO ZIP: 43236
COMPRESSION RESULT: '1'
COMPRESSED SIZE: 132.59MB
ARCHIVE RUNTIME: 1058.49 sec.
MEMORY STACK: 14MB
building installer
add_extra_files1
add_extra_files2
add_extra_files3
add_extra_files4
Doing archive file check
add_extra_files5
add_extra_files6
add_extra_files8
Successfully opened zip C:/xampp/htdocs/maref/wp-content/backups-dup-lite/tmp/20200725_marefsaargentinaindustriap_6f743b21b5e5e5701970_20200725235436_archive.zip
Adding enhanced installer files to archive using ZipArchive
Installer files added to archive
Added to archive
After ziparchive close when adding installer

********************************************************************************
INTEGRITY CHECKS:
********************************************************************************
SQL FILE: 709.85KB
INSTALLER FILE: 61.33KB
ARCHIVE FILE: 134.3MB 
EXPECTED FILE/DIRECTORY COUNT: 43,237
ACTUAL FILE/DIRECTORY COUNT: 43,236
ARCHIVE CONSISTENCY TEST: Pass

********************************************************************************
RECORD ID:[1]
TOTAL PROCESS RUNTIME: 1070.73 sec.
PEAK PHP MEMORY USED: 22MB
DONE PROCESSING => 20200725_marefsaargentinaindustriap 26 de July de 2020 00:14

